{"/Users/amays/Desktop/Work/Colab/creator-platform/frontend/src/components/Chat/ChatInterface.js": {"path":"/Users/amays/Desktop/Work/Colab/creator-platform/frontend/src/components/Chat/ChatInterface.js","statementMap":{"0":{"start":{"line":252,"column":0},"end":{"line":252,"column":15}},"1":{"start":{"line":1,"column":51},"end":{"line":1,"column":null}},"2":{"start":{"line":2,"column":17},"end":{"line":2,"column":null}},"3":{"start":{"line":3,"column":19},"end":{"line":3,"column":null}},"4":{"start":{"line":4,"column":19},"end":{"line":4,"column":null}},"5":{"start":{"line":5,"column":18},"end":{"line":5,"column":null}},"6":{"start":{"line":6,"column":17},"end":{"line":6,"column":null}},"7":{"start":{"line":8,"column":22},"end":{"line":250,"column":null}},"8":{"start":{"line":9,"column":34},"end":{"line":9,"column":null}},"9":{"start":{"line":10,"column":38},"end":{"line":10,"column":null}},"10":{"start":{"line":11,"column":32},"end":{"line":11,"column":null}},"11":{"start":{"line":12,"column":34},"end":{"line":12,"column":null}},"12":{"start":{"line":13,"column":25},"end":{"line":13,"column":null}},"13":{"start":{"line":14,"column":19},"end":{"line":14,"column":null}},"14":{"start":{"line":17,"column":23},"end":{"line":42,"column":null}},"15":{"start":{"line":44,"column":2},"end":{"line":46,"column":null}},"16":{"start":{"line":45,"column":4},"end":{"line":45,"column":null}},"17":{"start":{"line":48,"column":2},"end":{"line":50,"column":null}},"18":{"start":{"line":49,"column":4},"end":{"line":49,"column":null}},"19":{"start":{"line":52,"column":25},"end":{"line":54,"column":null}},"20":{"start":{"line":53,"column":4},"end":{"line":53,"column":null}},"21":{"start":{"line":56,"column":28},"end":{"line":94,"column":null}},"22":{"start":{"line":57,"column":4},"end":{"line":57,"column":null}},"23":{"start":{"line":58,"column":4},"end":{"line":58,"column":null}},"24":{"start":{"line":58,"column":28},"end":{"line":58,"column":null}},"25":{"start":{"line":60,"column":20},"end":{"line":67,"column":null}},"26":{"start":{"line":69,"column":4},"end":{"line":69,"column":null}},"27":{"start":{"line":69,"column":24},"end":{"line":69,"column":null}},"28":{"start":{"line":70,"column":4},"end":{"line":70,"column":null}},"29":{"start":{"line":71,"column":4},"end":{"line":71,"column":null}},"30":{"start":{"line":73,"column":4},"end":{"line":93,"column":null}},"31":{"start":{"line":75,"column":6},"end":{"line":75,"column":null}},"32":{"start":{"line":75,"column":35},"end":{"line":75,"column":null}},"33":{"start":{"line":76,"column":6},"end":{"line":80,"column":null}},"34":{"start":{"line":77,"column":8},"end":{"line":80,"column":null}},"35":{"start":{"line":78,"column":10},"end":{"line":80,"column":null}},"36":{"start":{"line":84,"column":6},"end":{"line":88,"column":null}},"37":{"start":{"line":85,"column":8},"end":{"line":88,"column":null}},"38":{"start":{"line":86,"column":10},"end":{"line":88,"column":null}},"39":{"start":{"line":92,"column":6},"end":{"line":92,"column":null}},"40":{"start":{"line":96,"column":21},"end":{"line":102,"column":null}},"41":{"start":{"line":97,"column":4},"end":{"line":101,"column":null}},"42":{"start":{"line":141,"column":10},"end":{"line":142,"column":null}},"43":{"start":{"line":201,"column":31},"end":{"line":201,"column":null}},"44":{"start":{"line":203,"column":16},"end":{"line":206,"column":null}},"45":{"start":{"line":204,"column":18},"end":{"line":204,"column":null}},"46":{"start":{"line":205,"column":18},"end":{"line":205,"column":null}},"47":{"start":{"line":252,"column":15},"end":{"line":252,"column":null}}},"fnMap":{"0":{"name":"(anonymous_5)","decl":{"start":{"line":8,"column":22},"end":{"line":8,"column":23}},"loc":{"start":{"line":8,"column":50},"end":{"line":250,"column":null}}},"1":{"name":"(anonymous_6)","decl":{"start":{"line":44,"column":12},"end":{"line":44,"column":null}},"loc":{"start":{"line":44,"column":12},"end":{"line":46,"column":5}}},"2":{"name":"(anonymous_7)","decl":{"start":{"line":48,"column":12},"end":{"line":48,"column":null}},"loc":{"start":{"line":48,"column":12},"end":{"line":50,"column":5}}},"3":{"name":"(anonymous_8)","decl":{"start":{"line":52,"column":25},"end":{"line":52,"column":null}},"loc":{"start":{"line":52,"column":25},"end":{"line":54,"column":null}}},"4":{"name":"(anonymous_9)","decl":{"start":{"line":56,"column":28},"end":{"line":56,"column":35}},"loc":{"start":{"line":56,"column":35},"end":{"line":94,"column":null}}},"5":{"name":"(anonymous_10)","decl":{"start":{"line":69,"column":16},"end":{"line":69,"column":24}},"loc":{"start":{"line":69,"column":24},"end":{"line":69,"column":null}}},"6":{"name":"(anonymous_11)","decl":{"start":{"line":75,"column":24},"end":{"line":75,"column":35}},"loc":{"start":{"line":75,"column":35},"end":{"line":75,"column":null}}},"7":{"name":"(anonymous_12)","decl":{"start":{"line":76,"column":18},"end":{"line":76,"column":null}},"loc":{"start":{"line":77,"column":8},"end":{"line":80,"column":null}}},"8":{"name":"(anonymous_13)","decl":{"start":{"line":77,"column":17},"end":{"line":77,"column":null}},"loc":{"start":{"line":78,"column":10},"end":{"line":80,"column":null}}},"9":{"name":"(anonymous_14)","decl":{"start":{"line":84,"column":18},"end":{"line":84,"column":null}},"loc":{"start":{"line":85,"column":8},"end":{"line":88,"column":null}}},"10":{"name":"(anonymous_15)","decl":{"start":{"line":85,"column":17},"end":{"line":85,"column":null}},"loc":{"start":{"line":86,"column":10},"end":{"line":88,"column":null}}},"11":{"name":"(anonymous_16)","decl":{"start":{"line":96,"column":21},"end":{"line":96,"column":22}},"loc":{"start":{"line":96,"column":22},"end":{"line":102,"column":null}}},"12":{"name":"(anonymous_17)","decl":{"start":{"line":140,"column":22},"end":{"line":140,"column":23}},"loc":{"start":{"line":141,"column":10},"end":{"line":142,"column":null}}},"13":{"name":"(anonymous_18)","decl":{"start":{"line":201,"column":24},"end":{"line":201,"column":25}},"loc":{"start":{"line":201,"column":31},"end":{"line":201,"column":null}}},"14":{"name":"(anonymous_19)","decl":{"start":{"line":202,"column":25},"end":{"line":202,"column":26}},"loc":{"start":{"line":202,"column":26},"end":{"line":207,"column":null}}}},"branchMap":{"0":{"loc":{"start":{"line":58,"column":4},"end":{"line":58,"column":null}},"type":"if","locations":[{"start":{"line":58,"column":4},"end":{"line":58,"column":null}}]},"1":{"loc":{"start":{"line":78,"column":10},"end":{"line":80,"column":null}},"type":"cond-expr","locations":[{"start":{"line":79,"column":14},"end":{"line":79,"column":null}},{"start":{"line":80,"column":14},"end":{"line":80,"column":null}}]},"2":{"loc":{"start":{"line":86,"column":10},"end":{"line":88,"column":null}},"type":"cond-expr","locations":[{"start":{"line":87,"column":14},"end":{"line":87,"column":null}},{"start":{"line":88,"column":14},"end":{"line":88,"column":null}}]},"3":{"loc":{"start":{"line":119,"column":15},"end":{"line":119,"column":null}},"type":"cond-expr","locations":[{"start":{"line":119,"column":41},"end":{"line":119,"column":52}},{"start":{"line":119,"column":52},"end":{"line":119,"column":null}}]},"4":{"loc":{"start":{"line":145,"column":14},"end":{"line":145,"column":null}},"type":"cond-expr","locations":[{"start":{"line":145,"column":52},"end":{"line":145,"column":68}},{"start":{"line":145,"column":68},"end":{"line":145,"column":null}}]},"5":{"loc":{"start":{"line":151,"column":16},"end":{"line":153,"column":null}},"type":"cond-expr","locations":[{"start":{"line":152,"column":20},"end":{"line":152,"column":null}},{"start":{"line":153,"column":20},"end":{"line":153,"column":null}}]},"6":{"loc":{"start":{"line":161,"column":16},"end":{"line":163,"column":null}},"type":"cond-expr","locations":[{"start":{"line":162,"column":20},"end":{"line":162,"column":null}},{"start":{"line":163,"column":20},"end":{"line":163,"column":null}}]},"7":{"loc":{"start":{"line":166,"column":17},"end":{"line":166,"column":null}},"type":"binary-expr","locations":[{"start":{"line":166,"column":17},"end":{"line":166,"column":null}}]},"8":{"loc":{"start":{"line":168,"column":21},"end":{"line":168,"column":null}},"type":"binary-expr","locations":[{"start":{"line":168,"column":21},"end":{"line":168,"column":53}},{"start":{"line":168,"column":53},"end":{"line":168,"column":null}}]},"9":{"loc":{"start":{"line":169,"column":21},"end":{"line":169,"column":null}},"type":"binary-expr","locations":[{"start":{"line":169,"column":21},"end":{"line":169,"column":55}},{"start":{"line":169,"column":55},"end":{"line":169,"column":null}}]},"10":{"loc":{"start":{"line":170,"column":21},"end":{"line":170,"column":null}},"type":"binary-expr","locations":[{"start":{"line":170,"column":21},"end":{"line":170,"column":50}},{"start":{"line":170,"column":50},"end":{"line":170,"column":null}}]},"11":{"loc":{"start":{"line":171,"column":21},"end":{"line":171,"column":null}},"type":"binary-expr","locations":[{"start":{"line":171,"column":21},"end":{"line":171,"column":52}},{"start":{"line":171,"column":52},"end":{"line":171,"column":null}}]},"12":{"loc":{"start":{"line":179,"column":9},"end":{"line":179,"column":null}},"type":"binary-expr","locations":[{"start":{"line":179,"column":9},"end":{"line":179,"column":null}}]},"13":{"loc":{"start":{"line":203,"column":16},"end":{"line":206,"column":null}},"type":"if","locations":[{"start":{"line":203,"column":16},"end":{"line":206,"column":null}}]},"14":{"loc":{"start":{"line":203,"column":20},"end":{"line":203,"column":52}},"type":"binary-expr","locations":[{"start":{"line":203,"column":20},"end":{"line":203,"column":41}},{"start":{"line":203,"column":41},"end":{"line":203,"column":52}}]}},"s":{"0":11,"1":1,"2":1,"3":1,"4":1,"5":1,"6":1,"7":1,"8":11,"9":11,"10":11,"11":11,"12":11,"13":11,"14":11,"15":11,"16":11,"17":11,"18":11,"19":11,"20":11,"21":11,"22":0,"23":0,"24":0,"25":0,"26":0,"27":0,"28":0,"29":0,"30":0,"31":0,"32":0,"33":0,"34":0,"35":0,"36":0,"37":0,"38":0,"39":0,"40":11,"41":0,"42":0,"43":0,"44":0,"45":0,"46":0,"47":1},"f":{"0":11,"1":11,"2":11,"3":11,"4":0,"5":0,"6":0,"7":0,"8":0,"9":0,"10":0,"11":0,"12":0,"13":0,"14":0},"b":{"0":[0],"1":[0,0],"2":[0,0],"3":[10,1],"4":[0,0],"5":[0,0],"6":[0,0],"7":[0],"8":[0,0],"9":[0,0],"10":[0,0],"11":[0,0],"12":[11],"13":[0],"14":[0,0]}}
,"/Users/amays/Desktop/Work/Colab/creator-platform/frontend/src/components/search/SearchFilters.js": {"path":"/Users/amays/Desktop/Work/Colab/creator-platform/frontend/src/components/search/SearchFilters.js","statementMap":{"0":{"start":{"line":222,"column":0},"end":{"line":222,"column":15}},"1":{"start":{"line":1,"column":32},"end":{"line":1,"column":null}},"2":{"start":{"line":2,"column":17},"end":{"line":2,"column":null}},"3":{"start":{"line":3,"column":19},"end":{"line":3,"column":null}},"4":{"start":{"line":4,"column":18},"end":{"line":4,"column":null}},"5":{"start":{"line":5,"column":17},"end":{"line":5,"column":null}},"6":{"start":{"line":7,"column":22},"end":{"line":220,"column":null}},"7":{"start":{"line":8,"column":42},"end":{"line":16,"column":null}},"8":{"start":{"line":18,"column":21},"end":{"line":21,"column":null}},"9":{"start":{"line":23,"column":27},"end":{"line":27,"column":null}},"10":{"start":{"line":29,"column":20},"end":{"line":32,"column":null}},"11":{"start":{"line":34,"column":31},"end":{"line":42,"column":null}},"12":{"start":{"line":35,"column":26},"end":{"line":37,"column":null}},"13":{"start":{"line":36,"column":42},"end":{"line":36,"column":null}},"14":{"start":{"line":39,"column":23},"end":{"line":39,"column":null}},"15":{"start":{"line":40,"column":4},"end":{"line":40,"column":null}},"16":{"start":{"line":41,"column":4},"end":{"line":41,"column":null}},"17":{"start":{"line":44,"column":31},"end":{"line":52,"column":null}},"18":{"start":{"line":45,"column":25},"end":{"line":47,"column":null}},"19":{"start":{"line":46,"column":43},"end":{"line":46,"column":null}},"20":{"start":{"line":49,"column":23},"end":{"line":49,"column":null}},"21":{"start":{"line":50,"column":4},"end":{"line":50,"column":null}},"22":{"start":{"line":51,"column":4},"end":{"line":51,"column":null}},"23":{"start":{"line":54,"column":28},"end":{"line":58,"column":null}},"24":{"start":{"line":55,"column":23},"end":{"line":55,"column":null}},"25":{"start":{"line":56,"column":4},"end":{"line":56,"column":null}},"26":{"start":{"line":57,"column":4},"end":{"line":57,"column":null}},"27":{"start":{"line":60,"column":26},"end":{"line":71,"column":null}},"28":{"start":{"line":61,"column":27},"end":{"line":68,"column":null}},"29":{"start":{"line":69,"column":4},"end":{"line":69,"column":null}},"30":{"start":{"line":70,"column":4},"end":{"line":70,"column":null}},"31":{"start":{"line":75,"column":57},"end":{"line":75,"column":null}},"32":{"start":{"line":98,"column":29},"end":{"line":98,"column":null}},"33":{"start":{"line":109,"column":14},"end":{"line":109,"column":36}},"34":{"start":{"line":113,"column":34},"end":{"line":113,"column":null}},"35":{"start":{"line":130,"column":29},"end":{"line":130,"column":null}},"36":{"start":{"line":143,"column":31},"end":{"line":143,"column":null}},"37":{"start":{"line":161,"column":14},"end":{"line":161,"column":39}},"38":{"start":{"line":167,"column":35},"end":{"line":167,"column":null}},"39":{"start":{"line":185,"column":14},"end":{"line":185,"column":36}},"40":{"start":{"line":189,"column":34},"end":{"line":189,"column":null}},"41":{"start":{"line":207,"column":29},"end":{"line":207,"column":null}},"42":{"start":{"line":222,"column":15},"end":{"line":222,"column":null}}},"fnMap":{"0":{"name":"(anonymous_5)","decl":{"start":{"line":7,"column":22},"end":{"line":7,"column":23}},"loc":{"start":{"line":7,"column":62},"end":{"line":220,"column":null}}},"1":{"name":"(anonymous_6)","decl":{"start":{"line":34,"column":31},"end":{"line":34,"column":32}},"loc":{"start":{"line":34,"column":32},"end":{"line":42,"column":null}}},"2":{"name":"(anonymous_7)","decl":{"start":{"line":36,"column":37},"end":{"line":36,"column":42}},"loc":{"start":{"line":36,"column":42},"end":{"line":36,"column":null}}},"3":{"name":"(anonymous_8)","decl":{"start":{"line":44,"column":31},"end":{"line":44,"column":32}},"loc":{"start":{"line":44,"column":32},"end":{"line":52,"column":null}}},"4":{"name":"(anonymous_9)","decl":{"start":{"line":46,"column":38},"end":{"line":46,"column":43}},"loc":{"start":{"line":46,"column":43},"end":{"line":46,"column":null}}},"5":{"name":"(anonymous_10)","decl":{"start":{"line":54,"column":28},"end":{"line":54,"column":29}},"loc":{"start":{"line":54,"column":36},"end":{"line":58,"column":null}}},"6":{"name":"(anonymous_11)","decl":{"start":{"line":60,"column":26},"end":{"line":60,"column":null}},"loc":{"start":{"line":60,"column":26},"end":{"line":71,"column":null}}},"7":{"name":"(anonymous_12)","decl":{"start":{"line":75,"column":50},"end":{"line":75,"column":51}},"loc":{"start":{"line":75,"column":57},"end":{"line":75,"column":null}}},"8":{"name":"(anonymous_13)","decl":{"start":{"line":98,"column":22},"end":{"line":98,"column":23}},"loc":{"start":{"line":98,"column":29},"end":{"line":98,"column":null}}},"9":{"name":"(anonymous_14)","decl":{"start":{"line":108,"column":28},"end":{"line":108,"column":29}},"loc":{"start":{"line":109,"column":14},"end":{"line":109,"column":36}}},"10":{"name":"(anonymous_15)","decl":{"start":{"line":113,"column":28},"end":{"line":113,"column":34}},"loc":{"start":{"line":113,"column":34},"end":{"line":113,"column":null}}},"11":{"name":"(anonymous_16)","decl":{"start":{"line":130,"column":22},"end":{"line":130,"column":23}},"loc":{"start":{"line":130,"column":29},"end":{"line":130,"column":null}}},"12":{"name":"(anonymous_17)","decl":{"start":{"line":143,"column":24},"end":{"line":143,"column":25}},"loc":{"start":{"line":143,"column":31},"end":{"line":143,"column":null}}},"13":{"name":"(anonymous_18)","decl":{"start":{"line":160,"column":34},"end":{"line":160,"column":35}},"loc":{"start":{"line":161,"column":14},"end":{"line":161,"column":39}}},"14":{"name":"(anonymous_19)","decl":{"start":{"line":167,"column":28},"end":{"line":167,"column":29}},"loc":{"start":{"line":167,"column":35},"end":{"line":167,"column":null}}},"15":{"name":"(anonymous_20)","decl":{"start":{"line":184,"column":27},"end":{"line":184,"column":28}},"loc":{"start":{"line":185,"column":14},"end":{"line":185,"column":36}}},"16":{"name":"(anonymous_21)","decl":{"start":{"line":189,"column":28},"end":{"line":189,"column":34}},"loc":{"start":{"line":189,"column":34},"end":{"line":189,"column":null}}},"17":{"name":"(anonymous_22)","decl":{"start":{"line":207,"column":22},"end":{"line":207,"column":23}},"loc":{"start":{"line":207,"column":29},"end":{"line":207,"column":null}}}},"branchMap":{"0":{"loc":{"start":{"line":35,"column":26},"end":{"line":37,"column":null}},"type":"cond-expr","locations":[{"start":{"line":36,"column":8},"end":{"line":36,"column":null}},{"start":{"line":37,"column":8},"end":{"line":37,"column":null}}]},"1":{"loc":{"start":{"line":45,"column":25},"end":{"line":47,"column":null}},"type":"cond-expr","locations":[{"start":{"line":46,"column":8},"end":{"line":46,"column":null}},{"start":{"line":47,"column":8},"end":{"line":47,"column":null}}]},"2":{"loc":{"start":{"line":97,"column":19},"end":{"line":97,"column":null}},"type":"binary-expr","locations":[{"start":{"line":97,"column":19},"end":{"line":97,"column":40}},{"start":{"line":97,"column":44},"end":{"line":97,"column":null}}]}},"s":{"0":10,"1":1,"2":1,"3":1,"4":1,"5":1,"6":1,"7":13,"8":13,"9":13,"10":13,"11":13,"12":1,"13":0,"14":1,"15":1,"16":1,"17":13,"18":1,"19":0,"20":1,"21":1,"22":1,"23":13,"24":0,"25":0,"26":0,"27":13,"28":1,"29":1,"30":1,"31":1,"32":0,"33":130,"34":1,"35":0,"36":0,"37":39,"38":0,"39":117,"40":1,"41":0,"42":1},"f":{"0":13,"1":1,"2":0,"3":1,"4":0,"5":0,"6":1,"7":1,"8":0,"9":130,"10":1,"11":0,"12":0,"13":39,"14":0,"15":117,"16":1,"17":0},"b":{"0":[0,1],"1":[0,1],"2":[13,13]}}
,"/Users/amays/Desktop/Work/Colab/creator-platform/frontend/src/components/ui/Avatar.js": {"path":"/Users/amays/Desktop/Work/Colab/creator-platform/frontend/src/components/ui/Avatar.js","statementMap":{"0":{"start":{"line":69,"column":0},"end":{"line":69,"column":15}},"1":{"start":{"line":1,"column":18},"end":{"line":1,"column":null}},"2":{"start":{"line":2,"column":17},"end":{"line":2,"column":null}},"3":{"start":{"line":4,"column":15},"end":{"line":67,"column":null}},"4":{"start":{"line":12,"column":16},"end":{"line":19,"column":null}},"5":{"start":{"line":21,"column":21},"end":{"line":25,"column":3}},"6":{"start":{"line":27,"column":22},"end":{"line":35,"column":null}},"7":{"start":{"line":28,"column":4},"end":{"line":28,"column":null}},"8":{"start":{"line":28,"column":15},"end":{"line":28,"column":null}},"9":{"start":{"line":29,"column":4},"end":{"line":34,"column":null}},"10":{"start":{"line":31,"column":19},"end":{"line":31,"column":null}},"11":{"start":{"line":52,"column":12},"end":{"line":52,"column":null}},"12":{"start":{"line":53,"column":12},"end":{"line":53,"column":null}},"13":{"start":{"line":69,"column":15},"end":{"line":69,"column":null}}},"fnMap":{"0":{"name":"(anonymous_2)","decl":{"start":{"line":4,"column":15},"end":{"line":4,"column":16}},"loc":{"start":{"line":11,"column":1},"end":{"line":67,"column":null}}},"1":{"name":"(anonymous_3)","decl":{"start":{"line":27,"column":22},"end":{"line":27,"column":23}},"loc":{"start":{"line":27,"column":23},"end":{"line":35,"column":null}}},"2":{"name":"(anonymous_4)","decl":{"start":{"line":31,"column":11},"end":{"line":31,"column":19}},"loc":{"start":{"line":31,"column":19},"end":{"line":31,"column":null}}},"3":{"name":"(anonymous_5)","decl":{"start":{"line":51,"column":19},"end":{"line":51,"column":20}},"loc":{"start":{"line":51,"column":20},"end":{"line":54,"column":null}}}},"branchMap":{"0":{"loc":{"start":{"line":7,"column":2},"end":{"line":7,"column":15}},"type":"default-arg","locations":[{"start":{"line":7,"column":9},"end":{"line":7,"column":15}}]},"1":{"loc":{"start":{"line":28,"column":4},"end":{"line":28,"column":null}},"type":"if","locations":[{"start":{"line":28,"column":4},"end":{"line":28,"column":null}}]},"2":{"loc":{"start":{"line":46,"column":7},"end":{"line":56,"column":null}},"type":"cond-expr","locations":[{"start":{"line":47,"column":8},"end":{"line":56,"column":null}},{"start":{"line":56,"column":10},"end":{"line":56,"column":null}}]},"3":{"loc":{"start":{"line":49,"column":15},"end":{"line":49,"column":null}},"type":"binary-expr","locations":[{"start":{"line":49,"column":15},"end":{"line":49,"column":22}},{"start":{"line":49,"column":22},"end":{"line":49,"column":null}}]},"4":{"loc":{"start":{"line":60,"column":10},"end":{"line":60,"column":null}},"type":"cond-expr","locations":[{"start":{"line":60,"column":16},"end":{"line":60,"column":27}},{"start":{"line":60,"column":27},"end":{"line":60,"column":null}}]},"5":{"loc":{"start":{"line":63,"column":9},"end":{"line":63,"column":null}},"type":"binary-expr","locations":[{"start":{"line":63,"column":9},"end":{"line":63,"column":21}},{"start":{"line":63,"column":21},"end":{"line":63,"column":null}}]}},"s":{"0":11,"1":1,"2":1,"3":1,"4":11,"5":11,"6":11,"7":11,"8":0,"9":11,"10":22,"11":0,"12":0,"13":1},"f":{"0":11,"1":11,"2":22,"3":0},"b":{"0":[0],"1":[0],"2":[0,11],"3":[0,0],"4":[0,11],"5":[11,11]}}
,"/Users/amays/Desktop/Work/Colab/creator-platform/frontend/src/components/ui/Button.js": {"path":"/Users/amays/Desktop/Work/Colab/creator-platform/frontend/src/components/ui/Button.js","statementMap":{"0":{"start":{"line":89,"column":0},"end":{"line":89,"column":15}},"1":{"start":{"line":1,"column":18},"end":{"line":1,"column":null}},"2":{"start":{"line":2,"column":17},"end":{"line":2,"column":null}},"3":{"start":{"line":4,"column":15},"end":{"line":85,"column":null}},"4":{"start":{"line":13,"column":21},"end":{"line":17,"column":3}},"5":{"start":{"line":19,"column":19},"end":{"line":40,"column":null}},"6":{"start":{"line":42,"column":16},"end":{"line":46,"column":null}},"7":{"start":{"line":87,"column":0},"end":{"line":87,"column":null}},"8":{"start":{"line":89,"column":15},"end":{"line":89,"column":null}}},"fnMap":{"0":{"name":"(anonymous_2)","decl":{"start":{"line":4,"column":32},"end":{"line":4,"column":33}},"loc":{"start":{"line":12,"column":3},"end":{"line":85,"column":null}}}},"branchMap":{"0":{"loc":{"start":{"line":6,"column":2},"end":{"line":6,"column":21}},"type":"default-arg","locations":[{"start":{"line":6,"column":12},"end":{"line":6,"column":21}}]},"1":{"loc":{"start":{"line":7,"column":2},"end":{"line":7,"column":15}},"type":"default-arg","locations":[{"start":{"line":7,"column":9},"end":{"line":7,"column":15}}]},"2":{"loc":{"start":{"line":8,"column":2},"end":{"line":8,"column":18}},"type":"default-arg","locations":[{"start":{"line":8,"column":13},"end":{"line":8,"column":18}}]},"3":{"loc":{"start":{"line":9,"column":2},"end":{"line":9,"column":17}},"type":"default-arg","locations":[{"start":{"line":9,"column":12},"end":{"line":9,"column":17}}]},"4":{"loc":{"start":{"line":51,"column":16},"end":{"line":51,"column":null}},"type":"binary-expr","locations":[{"start":{"line":51,"column":16},"end":{"line":51,"column":28}},{"start":{"line":51,"column":28},"end":{"line":51,"column":null}}]},"5":{"loc":{"start":{"line":60,"column":7},"end":{"line":60,"column":null}},"type":"binary-expr","locations":[{"start":{"line":60,"column":7},"end":{"line":60,"column":null}}]}},"s":{"0":81,"1":3,"2":3,"3":3,"4":81,"5":81,"6":81,"7":3,"8":3},"f":{"0":81},"b":{"0":[10],"1":[11],"2":[69],"3":[69],"4":[81,69],"5":[81]}}
,"/Users/amays/Desktop/Work/Colab/creator-platform/frontend/src/components/ui/Card.js": {"path":"/Users/amays/Desktop/Work/Colab/creator-platform/frontend/src/components/ui/Card.js","statementMap":{"0":{"start":{"line":50,"column":0},"end":{"line":50,"column":15}},"1":{"start":{"line":1,"column":18},"end":{"line":1,"column":null}},"2":{"start":{"line":2,"column":17},"end":{"line":2,"column":null}},"3":{"start":{"line":4,"column":13},"end":{"line":48,"column":null}},"4":{"start":{"line":12,"column":21},"end":{"line":15,"column":3}},"5":{"start":{"line":17,"column":19},"end":{"line":24,"column":null}},"6":{"start":{"line":26,"column":24},"end":{"line":31,"column":null}},"7":{"start":{"line":33,"column":22},"end":{"line":33,"column":70}},"8":{"start":{"line":50,"column":15},"end":{"line":50,"column":null}}},"fnMap":{"0":{"name":"(anonymous_2)","decl":{"start":{"line":4,"column":13},"end":{"line":4,"column":14}},"loc":{"start":{"line":11,"column":1},"end":{"line":48,"column":null}}}},"branchMap":{"0":{"loc":{"start":{"line":6,"column":2},"end":{"line":6,"column":21}},"type":"default-arg","locations":[{"start":{"line":6,"column":12},"end":{"line":6,"column":21}}]},"1":{"loc":{"start":{"line":7,"column":2},"end":{"line":7,"column":18}},"type":"default-arg","locations":[{"start":{"line":7,"column":12},"end":{"line":7,"column":18}}]},"2":{"loc":{"start":{"line":8,"column":2},"end":{"line":8,"column":15}},"type":"default-arg","locations":[{"start":{"line":8,"column":10},"end":{"line":8,"column":15}}]},"3":{"loc":{"start":{"line":33,"column":22},"end":{"line":33,"column":70}},"type":"cond-expr","locations":[{"start":{"line":33,"column":30},"end":{"line":33,"column":50}},{"start":{"line":33,"column":53},"end":{"line":33,"column":70}}]}},"s":{"0":13,"1":2,"2":2,"3":2,"4":13,"5":13,"6":13,"7":13,"8":2},"f":{"0":13},"b":{"0":[13],"1":[0],"2":[13],"3":[0,13]}}
,"/Users/amays/Desktop/Work/Colab/creator-platform/frontend/src/components/ui/Input.js": {"path":"/Users/amays/Desktop/Work/Colab/creator-platform/frontend/src/components/ui/Input.js","statementMap":{"0":{"start":{"line":86,"column":0},"end":{"line":86,"column":15}},"1":{"start":{"line":1,"column":18},"end":{"line":1,"column":null}},"2":{"start":{"line":2,"column":17},"end":{"line":2,"column":null}},"3":{"start":{"line":4,"column":14},"end":{"line":82,"column":null}},"4":{"start":{"line":13,"column":21},"end":{"line":18,"column":3}},"5":{"start":{"line":20,"column":19},"end":{"line":29,"column":null}},"6":{"start":{"line":31,"column":16},"end":{"line":35,"column":null}},"7":{"start":{"line":37,"column":18},"end":{"line":37,"column":80}},"8":{"start":{"line":84,"column":0},"end":{"line":84,"column":null}},"9":{"start":{"line":86,"column":15},"end":{"line":86,"column":null}}},"fnMap":{"0":{"name":"(anonymous_2)","decl":{"start":{"line":4,"column":31},"end":{"line":4,"column":32}},"loc":{"start":{"line":12,"column":3},"end":{"line":82,"column":null}}}},"branchMap":{"0":{"loc":{"start":{"line":8,"column":2},"end":{"line":8,"column":15}},"type":"default-arg","locations":[{"start":{"line":8,"column":9},"end":{"line":8,"column":15}}]},"1":{"loc":{"start":{"line":9,"column":2},"end":{"line":9,"column":15}},"type":"default-arg","locations":[{"start":{"line":9,"column":9},"end":{"line":9,"column":15}}]},"2":{"loc":{"start":{"line":37,"column":18},"end":{"line":37,"column":80}},"type":"binary-expr","locations":[{"start":{"line":37,"column":18},"end":{"line":37,"column":26}},{"start":{"line":37,"column":30},"end":{"line":37,"column":80}}]},"3":{"loc":{"start":{"line":41,"column":7},"end":{"line":41,"column":null}},"type":"binary-expr","locations":[{"start":{"line":41,"column":7},"end":{"line":41,"column":null}}]},"4":{"loc":{"start":{"line":55,"column":10},"end":{"line":55,"column":51}},"type":"cond-expr","locations":[{"start":{"line":55,"column":18},"end":{"line":55,"column":32}},{"start":{"line":55,"column":35},"end":{"line":55,"column":51}}]},"5":{"loc":{"start":{"line":59,"column":22},"end":{"line":59,"column":null}},"type":"cond-expr","locations":[{"start":{"line":59,"column":30},"end":{"line":59,"column":39}},{"start":{"line":59,"column":39},"end":{"line":59,"column":null}}]},"6":{"loc":{"start":{"line":60,"column":26},"end":{"line":60,"column":null}},"type":"cond-expr","locations":[{"start":{"line":60,"column":34},"end":{"line":60,"column":52}},{"start":{"line":60,"column":55},"end":{"line":60,"column":null}}]},"7":{"loc":{"start":{"line":60,"column":55},"end":{"line":60,"column":null}},"type":"cond-expr","locations":[{"start":{"line":60,"column":68},"end":{"line":60,"column":87}},{"start":{"line":60,"column":90},"end":{"line":60,"column":null}}]},"8":{"loc":{"start":{"line":63,"column":7},"end":{"line":63,"column":null}},"type":"binary-expr","locations":[{"start":{"line":63,"column":7},"end":{"line":63,"column":null}}]},"9":{"loc":{"start":{"line":72,"column":7},"end":{"line":72,"column":21}},"type":"binary-expr","locations":[{"start":{"line":72,"column":7},"end":{"line":72,"column":21}},{"start":{"line":72,"column":21},"end":{"line":72,"column":null}}]}},"s":{"0":50,"1":3,"2":3,"3":3,"4":50,"5":50,"6":50,"7":50,"8":3,"9":3},"f":{"0":50},"b":{"0":[48],"1":[48],"2":[50,50],"3":[50],"4":[2,48],"5":[2,48],"6":[2,48],"7":[2,46],"8":[50],"9":[50,2]}}
}
