TN:
SF:src/components/Chat/ChatInterface.js
FN:8,(anonymous_5)
FN:44,(anonymous_6)
FN:48,(anonymous_7)
FN:52,(anonymous_8)
FN:56,(anonymous_9)
FN:69,(anonymous_10)
FN:75,(anonymous_11)
FN:76,(anonymous_12)
FN:77,(anonymous_13)
FN:84,(anonymous_14)
FN:85,(anonymous_15)
FN:96,(anonymous_16)
FN:140,(anonymous_17)
FN:201,(anonymous_18)
FN:202,(anonymous_19)
FNF:15
FNH:4
FNDA:11,(anonymous_5)
FNDA:11,(anonymous_6)
FNDA:11,(anonymous_7)
FNDA:11,(anonymous_8)
FNDA:0,(anonymous_9)
FNDA:0,(anonymous_10)
FNDA:0,(anonymous_11)
FNDA:0,(anonymous_12)
FNDA:0,(anonymous_13)
FNDA:0,(anonymous_14)
FNDA:0,(anonymous_15)
FNDA:0,(anonymous_16)
FNDA:0,(anonymous_17)
FNDA:0,(anonymous_18)
FNDA:0,(anonymous_19)
DA:1,1
DA:2,1
DA:3,1
DA:4,1
DA:5,1
DA:6,1
DA:8,1
DA:9,11
DA:10,11
DA:11,11
DA:12,11
DA:13,11
DA:14,11
DA:17,11
DA:44,11
DA:45,11
DA:48,11
DA:49,11
DA:52,11
DA:53,11
DA:56,11
DA:57,0
DA:58,0
DA:60,0
DA:69,0
DA:70,0
DA:71,0
DA:73,0
DA:75,0
DA:76,0
DA:77,0
DA:78,0
DA:84,0
DA:85,0
DA:86,0
DA:92,0
DA:96,11
DA:97,0
DA:141,0
DA:201,0
DA:203,0
DA:204,0
DA:205,0
DA:252,11
LF:44
LH:23
BRDA:58,0,0,0
BRDA:78,1,0,0
BRDA:78,1,1,0
BRDA:86,2,0,0
BRDA:86,2,1,0
BRDA:119,3,0,10
BRDA:119,3,1,1
BRDA:145,4,0,0
BRDA:145,4,1,0
BRDA:151,5,0,0
BRDA:151,5,1,0
BRDA:161,6,0,0
BRDA:161,6,1,0
BRDA:166,7,0,0
BRDA:168,8,0,0
BRDA:168,8,1,0
BRDA:169,9,0,0
BRDA:169,9,1,0
BRDA:170,10,0,0
BRDA:170,10,1,0
BRDA:171,11,0,0
BRDA:171,11,1,0
BRDA:179,12,0,11
BRDA:203,13,0,0
BRDA:203,14,0,0
BRDA:203,14,1,0
BRF:26
BRH:3
end_of_record
TN:
SF:src/components/search/SearchFilters.js
FN:7,(anonymous_5)
FN:34,(anonymous_6)
FN:36,(anonymous_7)
FN:44,(anonymous_8)
FN:46,(anonymous_9)
FN:54,(anonymous_10)
FN:60,(anonymous_11)
FN:75,(anonymous_12)
FN:98,(anonymous_13)
FN:108,(anonymous_14)
FN:113,(anonymous_15)
FN:130,(anonymous_16)
FN:143,(anonymous_17)
FN:160,(anonymous_18)
FN:167,(anonymous_19)
FN:184,(anonymous_20)
FN:189,(anonymous_21)
FN:207,(anonymous_22)
FNF:18
FNH:10
FNDA:13,(anonymous_5)
FNDA:1,(anonymous_6)
FNDA:0,(anonymous_7)
FNDA:1,(anonymous_8)
FNDA:0,(anonymous_9)
FNDA:0,(anonymous_10)
FNDA:1,(anonymous_11)
FNDA:1,(anonymous_12)
FNDA:0,(anonymous_13)
FNDA:130,(anonymous_14)
FNDA:1,(anonymous_15)
FNDA:0,(anonymous_16)
FNDA:0,(anonymous_17)
FNDA:39,(anonymous_18)
FNDA:0,(anonymous_19)
FNDA:117,(anonymous_20)
FNDA:1,(anonymous_21)
FNDA:0,(anonymous_22)
DA:1,1
DA:2,1
DA:3,1
DA:4,1
DA:5,1
DA:7,1
DA:8,13
DA:18,13
DA:23,13
DA:29,13
DA:34,13
DA:35,1
DA:36,0
DA:39,1
DA:40,1
DA:41,1
DA:44,13
DA:45,1
DA:46,0
DA:49,1
DA:50,1
DA:51,1
DA:54,13
DA:55,0
DA:56,0
DA:57,0
DA:60,13
DA:61,1
DA:69,1
DA:70,1
DA:75,1
DA:98,0
DA:109,130
DA:113,1
DA:130,0
DA:143,0
DA:161,39
DA:167,0
DA:185,117
DA:189,1
DA:207,0
DA:222,10
LF:42
LH:32
BRDA:35,0,0,0
BRDA:35,0,1,1
BRDA:45,1,0,0
BRDA:45,1,1,1
BRDA:97,2,0,13
BRDA:97,2,1,13
BRF:6
BRH:4
end_of_record
TN:
SF:src/components/ui/Avatar.js
FN:4,(anonymous_2)
FN:27,(anonymous_3)
FN:31,(anonymous_4)
FN:51,(anonymous_5)
FNF:4
FNH:3
FNDA:11,(anonymous_2)
FNDA:11,(anonymous_3)
FNDA:22,(anonymous_4)
FNDA:0,(anonymous_5)
DA:1,1
DA:2,1
DA:4,1
DA:12,11
DA:21,11
DA:27,11
DA:28,11
DA:29,11
DA:31,22
DA:52,0
DA:53,0
DA:69,11
LF:12
LH:10
BRDA:7,0,0,0
BRDA:28,1,0,0
BRDA:46,2,0,0
BRDA:46,2,1,11
BRDA:49,3,0,0
BRDA:49,3,1,0
BRDA:60,4,0,0
BRDA:60,4,1,11
BRDA:63,5,0,11
BRDA:63,5,1,11
BRF:10
BRH:4
end_of_record
TN:
SF:src/components/ui/Button.js
FN:4,(anonymous_2)
FNF:1
FNH:1
FNDA:81,(anonymous_2)
DA:1,3
DA:2,3
DA:4,3
DA:13,81
DA:19,81
DA:42,81
DA:87,3
DA:89,81
LF:8
LH:8
BRDA:6,0,0,10
BRDA:7,1,0,11
BRDA:8,2,0,69
BRDA:9,3,0,69
BRDA:51,4,0,81
BRDA:51,4,1,69
BRDA:60,5,0,81
BRF:7
BRH:7
end_of_record
TN:
SF:src/components/ui/Card.js
FN:4,(anonymous_2)
FNF:1
FNH:1
FNDA:13,(anonymous_2)
DA:1,2
DA:2,2
DA:4,2
DA:12,13
DA:17,13
DA:26,13
DA:33,13
DA:50,13
LF:8
LH:8
BRDA:6,0,0,13
BRDA:7,1,0,0
BRDA:8,2,0,13
BRDA:33,3,0,0
BRDA:33,3,1,13
BRF:5
BRH:3
end_of_record
TN:
SF:src/components/ui/Input.js
FN:4,(anonymous_2)
FNF:1
FNH:1
FNDA:50,(anonymous_2)
DA:1,3
DA:2,3
DA:4,3
DA:13,50
DA:20,50
DA:31,50
DA:37,50
DA:84,3
DA:86,50
LF:9
LH:9
BRDA:8,0,0,48
BRDA:9,1,0,48
BRDA:37,2,0,50
BRDA:37,2,1,50
BRDA:41,3,0,50
BRDA:55,4,0,2
BRDA:55,4,1,48
BRDA:59,5,0,2
BRDA:59,5,1,48
BRDA:60,6,0,2
BRDA:60,6,1,48
BRDA:60,7,0,2
BRDA:60,7,1,46
BRDA:63,8,0,50
BRDA:72,9,0,50
BRDA:72,9,1,2
BRF:16
BRH:16
end_of_record
